Disk Report - Fri Oct  3 05:27:37 PM UTC 2025
Filesystem      Size  Used Avail Use% Mounted on
tmpfs           339M  1.6M  337M   1% /run
/dev/sda2        19G  7.8G  9.9G  45% /
tmpfs           1.7G  4.0K  1.7G   1% /dev/shm
efivarfs        256K   13K  244K   5% /sys/firmware/efi/efivars
tmpfs           5.0M  8.0K  5.0M   1% /run/lock
tmpfs           1.7G  1.5M  1.7G   1% /tmp
tmpfs           1.0M     0  1.0M   0% /run/credentials/systemd-journald.service
tmpfs           1.0M     0  1.0M   0% /run/credentials/systemd-resolved.service
/dev/sda1       952M  6.4M  945M   1% /boot/efi
tmpfs           339M  4.1M  335M   2% /run/user/1000
------------------
Disk Report - Fri Oct  3 05:45:01 PM UTC 2025
Filesystem      Size  Used Avail Use% Mounted on
tmpfs           339M  1.6M  337M   1% /run
/dev/sda2        19G  7.9G  9.9G  45% /
tmpfs           1.7G  4.0K  1.7G   1% /dev/shm
efivarfs        256K   13K  244K   5% /sys/firmware/efi/efivars
tmpfs           5.0M  8.0K  5.0M   1% /run/lock
tmpfs           1.7G  1.5M  1.7G   1% /tmp
tmpfs           1.0M     0  1.0M   0% /run/credentials/systemd-journald.service
tmpfs           1.0M     0  1.0M   0% /run/credentials/systemd-resolved.service
/dev/sda1       952M  6.4M  945M   1% /boot/efi
tmpfs           339M  4.1M  335M   2% /run/user/1000
------------------
Disk Report - Fri Oct  3 05:50:01 PM UTC 2025
Filesystem      Size  Used Avail Use% Mounted on
tmpfs           339M  1.6M  337M   1% /run
/dev/sda2        19G  7.9G  9.9G  45% /
tmpfs           1.7G  4.0K  1.7G   1% /dev/shm
efivarfs        256K   13K  244K   5% /sys/firmware/efi/efivars
tmpfs           5.0M  8.0K  5.0M   1% /run/lock
tmpfs           1.7G  1.5M  1.7G   1% /tmp
tmpfs           1.0M     0  1.0M   0% /run/credentials/systemd-journald.service
tmpfs           1.0M     0  1.0M   0% /run/credentials/systemd-resolved.service
/dev/sda1       952M  6.4M  945M   1% /boot/efi
tmpfs           339M  4.1M  335M   2% /run/user/1000
------------------
